1	2	4985315.jpg
2	0	1168697.jpg
3	2	9071244.jpg
4	0	8159023.jpg
5	2	9638460.jpg
6	2	9478599.jpg
7	1	6066415.jpg
8	2	2120321.jpg
9	0	9048642.jpg
10	0	9693628.jpg
11	2	2009869.jpg
12	1	9653494.jpg
13	2	8903147.jpg
14	2	9999183.jpg
15	0	4544433.jpg
16	2	3334210.jpg
17	1	6832791.jpg
18	1	5041411.jpg
19	1	3025786.jpg
20	0	2908644.jpg
21	1	2584986.jpg
22	0	8258272.jpg
23	2	3383430.jpg
24	0	5871707.jpg
25	0	3214299.jpg
26	2	2400881.jpg
27	2	1689226.jpg
28	0	5848697.jpg
29	1	2236952.jpg
30	2	9279135.jpg
31	2	7555130.jpg
32	2	1260193.jpg
33	0	2130270.jpg
34	1	8404234.jpg
35	2	6461325.jpg
36	2	8705366.jpg
37	1	3912038.jpg
38	1	3560121.jpg
39	0	9511340.jpg
40	0	3587306.jpg
41	0	2387392.jpg
42	2	7310967.jpg
43	0	8390425.jpg
44	1	9457914.jpg
45	0	4733883.jpg
46	0	4348433.jpg
47	0	1563689.jpg
48	2	4679077.jpg
49	0	3777342.jpg
50	0	9465389.jpg
51	2	3908825.jpg
52	1	1715218.jpg
53	1	7963003.jpg
54	0	2506487.jpg
55	0	8840928.jpg
56	2	2229054.jpg
57	0	6708673.jpg
58	1	4783824.jpg
59	0	1344609.jpg
60	1	2801789.jpg
61	2	8299216.jpg
62	0	7743207.jpg
63	2	8922316.jpg
64	1	8297505.jpg
65	0	4678415.jpg
66	1	3733291.jpg
67	1	6833691.jpg
68	2	8884062.jpg
69	2	3870596.jpg
70	0	5145451.jpg
