1	2	9693628.jpg
2	1	4783824.jpg
3	1	9653494.jpg
4	2	6461325.jpg
5	2	7633179.jpg
6	1	9279135.jpg
7	2	8705366.jpg
8	0	3224044.jpg
9	1	3587306.jpg
10	2	6066415.jpg
11	0	3383430.jpg
12	2	7914431.jpg
13	0	1169403.jpg
14	0	1715218.jpg
15	0	9899440.jpg
16	1	9638460.jpg
17	1	9457914.jpg
18	2	5923380.jpg
19	0	1260193.jpg
20	0	1344609.jpg
21	2	8840928.jpg
22	0	2236952.jpg
23	1	4679077.jpg
24	2	8404234.jpg
25	2	6832791.jpg
26	1	5848697.jpg
27	1	5041411.jpg
28	0	2120321.jpg
29	0	2908644.jpg
30	0	2229054.jpg
31	0	3334210.jpg
32	1	4678415.jpg
33	1	5030595.jpg
34	1	9048642.jpg
35	1	4985315.jpg
36	0	9961678.jpg
37	1	4335250.jpg
38	0	1689226.jpg
39	1	9071244.jpg
40	0	2387392.jpg
41	1	3908825.jpg
42	0	1868839.jpg
43	0	3214299.jpg
44	1	3496506.jpg
45	0	1831888.jpg
46	2	8132975.jpg
47	0	1168697.jpg
48	0	1813817.jpg
49	2	8884062.jpg
50	1	3733291.jpg
51	0	2746994.jpg
52	2	8258272.jpg
53	2	7743207.jpg
54	2	7963003.jpg
55	1	3777342.jpg
56	2	8299216.jpg
57	1	4733883.jpg
58	0	2506487.jpg
59	1	9511340.jpg
60	1	5145451.jpg
61	1	8903147.jpg
62	2	5871707.jpg
63	1	3912038.jpg
64	0	2584986.jpg
65	2	7078459.jpg
66	2	6361494.jpg
67	0	2400881.jpg
68	0	2130270.jpg
69	2	7555130.jpg
70	0	9884712.jpg
