1	0	0	1	5553944.jpg
2	1	1	1	9985835.jpg
3	1	1	1	2162049.jpg
4	1	1	1	6808904.jpg
5	0	0	1	8049862.jpg
6	0	1	1	9410453.jpg
7	0	1	1	3924432.jpg
8	0	0	1	4134229.jpg
9	0	1	0	4554266.jpg
10	1	0	1	3846605.jpg
11	1	1	0	8786531.jpg
12	1	0	0	7953704.jpg
13	1	1	1	5863842.jpg
14	1	1	1	3811265.jpg
15	1	0	0	3897675.jpg
16	1	0	1	2509423.jpg
17	1	0	1	4052437.jpg
18	1	1	1	2718437.jpg
19	1	0	0	4368247.jpg
20	0	0	1	7228458.jpg
21	1	1	1	7218420.jpg
22	1	1	1	9241709.jpg
23	0	1	0	6381728.jpg
24	0	1	1	9260720.jpg
25	1	1	1	2835675.jpg
26	1	1	1	9788723.jpg
27	1	0	0	6799149.jpg
28	1	0	1	9380409.jpg
29	1	0	0	8529035.jpg
30	1	1	1	4938964.jpg
31	0	1	1	5808881.jpg
32	0	0	1	9590932.jpg
33	1	0	0	2026751.jpg
34	0	0	1	5042399.jpg
35	1	0	1	8716963.jpg
36	1	1	1	9888477.jpg
37	1	1	1	6164199.jpg
38	1	1	0	6486171.jpg
39	1	1	0	4910677.jpg
40	1	1	1	6417399.jpg
41	0	1	0	1828647.jpg
42	1	0	1	6921452.jpg
43	1	1	0	1677133.jpg
44	1	0	0	4823993.jpg
45	1	1	1	4132092.jpg
46	0	0	1	5763425.jpg
47	1	1	1	9901450.jpg
48	0	1	0	7375723.jpg
49	0	1	0	6566975.jpg
50	0	1	0	9084838.jpg
51	0	1	0	3177981.jpg
52	0	1	0	1383971.jpg
53	1	0	0	7469051.jpg
54	0	0	1	4997668.jpg
55	0	1	1	5489309.jpg
56	0	1	1	6124850.jpg
57	1	1	1	6136235.jpg
58	1	0	1	4930697.jpg
59	1	1	1	6565970.jpg
60	1	0	1	9314850.jpg
61	1	1	1	5922033.jpg
62	1	1	1	3540597.jpg
63	0	1	1	9990475.jpg
64	1	1	0	5577387.jpg
65	1	1	1	1182222.jpg
66	1	1	1	7227038.jpg
67	1	1	1	2525493.jpg
68	0	0	1	7191912.jpg
69	0	1	1	5260672.jpg
70	1	1	1	3723482.jpg
